2018-08-06 14:49:07 [DEBUG] - ==>  Preparing: SELECT t.id, t.name FROM test t WHERE id=? and name=? 
2018-08-06 14:49:07 [DEBUG] - ==> Parameters: 1(Integer), 1231213(String)
2018-08-06 14:49:07 [DEBUG] - <==      Total: 0
2018-08-06 14:49:12 [DEBUG] - ==>  Preparing: SELECT t.id, t.name FROM test t WHERE id=? and name=? 
2018-08-06 14:49:12 [DEBUG] - ==> Parameters: 2(Integer), 1231213(String)
2018-08-06 14:49:12 [DEBUG] - <==      Total: 0
2018-08-06 14:49:16 [DEBUG] - ==>  Preparing: SELECT t.id, t.name FROM test t WHERE id=? 
2018-08-06 14:49:16 [DEBUG] - ==> Parameters: 2(Integer)
2018-08-06 14:49:16 [DEBUG] - <==      Total: 1
2018-08-06 14:49:23 [DEBUG] - ==>  Preparing: SELECT t.id, t.name FROM test t WHERE id=? 
2018-08-06 14:49:23 [DEBUG] - ==> Parameters: 3(Integer)
2018-08-06 14:49:23 [DEBUG] - <==      Total: 1
2018-08-06 14:53:59 [DEBUG] - ==>  Preparing: SELECT t.id, t.name FROM test t WHERE id=? 
2018-08-06 14:53:59 [DEBUG] - ==> Parameters: 1(Integer)
2018-08-06 14:53:59 [DEBUG] - <==      Total: 1
2018-08-06 15:00:22 [DEBUG] - ==>  Preparing: SELECT t.id, t.name FROM test t WHERE id=? 
2018-08-06 15:00:22 [DEBUG] - ==> Parameters: 1(Integer)
2018-08-06 15:00:22 [DEBUG] - <==      Total: 1
2018-08-06 15:22:34 [DEBUG] - ==>  Preparing: SELECT t.id, t.name FROM test t WHERE id=? 
2018-08-06 15:22:35 [DEBUG] - ==> Parameters: 1(Integer)
2018-08-06 15:22:35 [DEBUG] - <==      Total: 1
2018-08-06 16:06:31 [DEBUG] - ==>  Preparing: SELECT t.id, t.name FROM test t WHERE id=? 
2018-08-06 16:06:31 [DEBUG] - ==> Parameters: 1(Integer)
2018-08-06 16:06:31 [DEBUG] - <==      Total: 1
2018-08-06 16:06:54 [DEBUG] - ==>  Preparing: SELECT t.id, t.name FROM test t WHERE id=? 
2018-08-06 16:06:54 [DEBUG] - ==> Parameters: 1(Integer)
2018-08-06 16:06:54 [DEBUG] - <==      Total: 1
2018-08-06 16:07:52 [DEBUG] - ==>  Preparing: SELECT t.id, t.name FROM test t WHERE id=? 
2018-08-06 16:07:52 [DEBUG] - ==> Parameters: 1(Integer)
2018-08-06 16:07:52 [DEBUG] - <==      Total: 1
2018-08-06 16:08:52 [DEBUG] - ==>  Preparing: SELECT t.id, t.name FROM test t WHERE id=? 
2018-08-06 16:08:52 [DEBUG] - ==> Parameters: 1(Integer)
2018-08-06 16:08:52 [DEBUG] - <==      Total: 1
2018-08-06 16:09:34 [DEBUG] - ==>  Preparing: SELECT t.id, t.name FROM test t WHERE id=? 
2018-08-06 16:09:34 [DEBUG] - ==> Parameters: 1(Integer)
2018-08-06 16:09:34 [DEBUG] - <==      Total: 1
2018-08-06 16:10:25 [DEBUG] - ==>  Preparing: SELECT t.id, t.name FROM test t WHERE id=? 
2018-08-06 16:10:25 [DEBUG] - ==> Parameters: 1(Integer)
2018-08-06 16:10:25 [DEBUG] - <==      Total: 1
2018-08-06 16:10:41 [DEBUG] - ==>  Preparing: SELECT t.id, t.name FROM test t WHERE id=? 
2018-08-06 16:10:41 [DEBUG] - ==> Parameters: 1(Integer)
2018-08-06 16:10:41 [DEBUG] - <==      Total: 1
2018-08-06 16:12:29 [DEBUG] - ==>  Preparing: SELECT t.id, t.name FROM test t WHERE id=? 
2018-08-06 16:12:29 [DEBUG] - ==> Parameters: 1(Integer)
2018-08-06 16:12:29 [DEBUG] - <==      Total: 1
2018-08-06 16:15:34 [DEBUG] - ==>  Preparing: SELECT t.id, t.name FROM test t WHERE id=? 
2018-08-06 16:15:34 [DEBUG] - ==> Parameters: 1(Integer)
2018-08-06 16:15:34 [DEBUG] - <==      Total: 1
2018-08-06 16:16:03 [DEBUG] - ==>  Preparing: SELECT t.id, t.name FROM test t WHERE id=? 
2018-08-06 16:16:03 [DEBUG] - ==> Parameters: 1(Integer)
2018-08-06 16:16:03 [DEBUG] - <==      Total: 1
2018-08-06 16:19:54 [DEBUG] - ==>  Preparing: SELECT t.id, t.name FROM test t WHERE id=? 
2018-08-06 16:19:54 [DEBUG] - ==> Parameters: 1(Integer)
2018-08-06 16:19:54 [DEBUG] - <==      Total: 1
2018-08-06 16:20:16 [DEBUG] - ==>  Preparing: SELECT t.id, t.name FROM test t WHERE id=? 
2018-08-06 16:20:16 [DEBUG] - ==> Parameters: 1(Integer)
2018-08-06 16:20:16 [DEBUG] - <==      Total: 1
2018-08-06 16:21:47 [DEBUG] - ==>  Preparing: SELECT t.id, t.name FROM test t WHERE id=? 
2018-08-06 16:21:47 [DEBUG] - ==> Parameters: 1(Integer)
2018-08-06 16:21:47 [DEBUG] - <==      Total: 1
2018-08-06 16:25:13 [DEBUG] - ==>  Preparing: SELECT t.id, t.name FROM test t WHERE id=? 
2018-08-06 16:25:13 [DEBUG] - ==> Parameters: 1(Integer)
2018-08-06 16:25:13 [DEBUG] - <==      Total: 1
2018-08-06 16:27:05 [DEBUG] - ==>  Preparing: SELECT t.id, t.name FROM test t WHERE id=? 
2018-08-06 16:27:05 [DEBUG] - ==> Parameters: 1(Integer)
2018-08-06 16:27:05 [DEBUG] - <==      Total: 1
2018-08-06 16:28:39 [DEBUG] - ==>  Preparing: SELECT t.id, t.name FROM test t WHERE id=? 
2018-08-06 16:28:39 [DEBUG] - ==> Parameters: 1(Integer)
2018-08-06 16:28:39 [DEBUG] - <==      Total: 1
2018-08-06 16:29:51 [DEBUG] - ==>  Preparing: SELECT t.id, t.name FROM test t WHERE id=? 
2018-08-06 16:29:51 [DEBUG] - ==> Parameters: 1(Integer)
2018-08-06 16:29:51 [DEBUG] - <==      Total: 1
2018-08-06 16:42:52 [DEBUG] - ==>  Preparing: SELECT t.id, t.name FROM test t WHERE id=? 
2018-08-06 16:42:52 [DEBUG] - ==> Parameters: 1(Integer)
2018-08-06 16:42:52 [DEBUG] - <==      Total: 1
2018-08-06 16:43:31 [DEBUG] - ==>  Preparing: SELECT t.id, t.name FROM test t WHERE id=? 
2018-08-06 16:43:31 [DEBUG] - ==> Parameters: 1(Integer)
2018-08-06 16:43:31 [DEBUG] - <==      Total: 1
2018-08-06 16:44:16 [DEBUG] - ==>  Preparing: SELECT t.id, t.name FROM test t WHERE id=? 
2018-08-06 16:44:16 [DEBUG] - ==> Parameters: 1(Integer)
2018-08-06 16:44:16 [DEBUG] - <==      Total: 1
2018-08-06 16:44:53 [DEBUG] - ==>  Preparing: SELECT t.id, t.name FROM test t WHERE id=? 
2018-08-06 16:44:53 [DEBUG] - ==> Parameters: 1(Integer)
2018-08-06 16:44:53 [DEBUG] - <==      Total: 1
2018-08-06 16:47:52 [DEBUG] - ==>  Preparing: SELECT t.id, t.name FROM test t WHERE id=? 
2018-08-06 16:47:52 [DEBUG] - ==> Parameters: 1(Integer)
2018-08-06 16:47:52 [DEBUG] - <==      Total: 1
2018-08-06 16:49:08 [DEBUG] - ==>  Preparing: SELECT t.id, t.name FROM test t WHERE id=? 
2018-08-06 16:49:09 [DEBUG] - ==> Parameters: 1(Integer)
2018-08-06 16:49:09 [DEBUG] - <==      Total: 1
2018-08-06 17:07:30 [DEBUG] - ==>  Preparing: SELECT t.id, t.name FROM test t WHERE id=? 
2018-08-06 17:07:30 [DEBUG] - ==> Parameters: 1(Integer)
2018-08-06 17:07:30 [DEBUG] - <==      Total: 1
2018-08-06 17:08:42 [DEBUG] - ==>  Preparing: SELECT t.id, t.name FROM test t WHERE id=? 
2018-08-06 17:08:42 [DEBUG] - ==> Parameters: 1(Integer)
2018-08-06 17:08:42 [DEBUG] - <==      Total: 1
2018-08-06 17:08:56 [DEBUG] - ==>  Preparing: SELECT t.id, t.name FROM test t WHERE id=? 
2018-08-06 17:08:56 [DEBUG] - ==> Parameters: 1(Integer)
2018-08-06 17:08:56 [DEBUG] - <==      Total: 1
2018-08-06 17:11:57 [DEBUG] - ==>  Preparing: SELECT t.id, t.name FROM test t WHERE id=? 
2018-08-06 17:11:57 [DEBUG] - ==> Parameters: 1(Integer)
2018-08-06 17:11:57 [DEBUG] - <==      Total: 1
2018-08-06 17:11:58 [DEBUG] - ==>  Preparing: SELECT t.id, t.name FROM test t WHERE id=? 
2018-08-06 17:11:58 [DEBUG] - ==> Parameters: 1(Integer)
2018-08-06 17:11:58 [DEBUG] - <==      Total: 1
2018-08-06 17:19:19 [DEBUG] - ==>  Preparing: SELECT t.id, t.name FROM test t WHERE id=? 
2018-08-06 17:19:19 [DEBUG] - ==> Parameters: 1(Integer)
2018-08-06 17:19:19 [DEBUG] - <==      Total: 1
2018-08-06 17:19:48 [DEBUG] - ==>  Preparing: SELECT t.id, t.name FROM test t WHERE id=? 
2018-08-06 17:19:48 [DEBUG] - ==> Parameters: 1(Integer)
2018-08-06 17:19:48 [DEBUG] - <==      Total: 1
2018-08-06 17:34:45 [DEBUG] - ==>  Preparing: SELECT t.id, t.name FROM test t WHERE id=? 
2018-08-06 17:34:45 [DEBUG] - ==> Parameters: 1(Integer)
2018-08-06 17:34:45 [DEBUG] - <==      Total: 1
2018-08-06 17:35:24 [DEBUG] - ==>  Preparing: SELECT t.id, t.name FROM test t WHERE id=? 
2018-08-06 17:35:24 [DEBUG] - ==> Parameters: 1(Integer)
2018-08-06 17:35:24 [DEBUG] - <==      Total: 1
2018-08-06 17:39:37 [DEBUG] - ==>  Preparing: SELECT t.id, t.name FROM test t WHERE id=? 
2018-08-06 17:39:37 [DEBUG] - ==> Parameters: 1(Integer)
2018-08-06 17:39:37 [DEBUG] - <==      Total: 1
2018-08-06 17:40:10 [DEBUG] - ==>  Preparing: SELECT t.id, t.name FROM test t WHERE id=? 
2018-08-06 17:40:10 [DEBUG] - ==> Parameters: 1(Integer)
2018-08-06 17:40:11 [DEBUG] - <==      Total: 1
2018-08-06 17:41:05 [DEBUG] - ==>  Preparing: SELECT t.id, t.name FROM test t WHERE id=? 
2018-08-06 17:41:05 [DEBUG] - ==> Parameters: 1(Integer)
2018-08-06 17:41:05 [DEBUG] - <==      Total: 1
2018-08-06 17:41:15 [DEBUG] - ==>  Preparing: SELECT t.id, t.name FROM test t WHERE id=? 
2018-08-06 17:41:15 [DEBUG] - ==> Parameters: 1(Integer)
2018-08-06 17:41:15 [DEBUG] - <==      Total: 1
2018-08-06 17:41:19 [DEBUG] - ==>  Preparing: SELECT t.id, t.name FROM test t WHERE id=? 
2018-08-06 17:41:19 [DEBUG] - ==> Parameters: 1(Integer)
2018-08-06 17:41:19 [DEBUG] - <==      Total: 1
2018-08-06 17:41:22 [DEBUG] - ==>  Preparing: SELECT t.id, t.name FROM test t WHERE id=? 
2018-08-06 17:41:22 [DEBUG] - ==> Parameters: 1(Integer)
2018-08-06 17:41:22 [DEBUG] - <==      Total: 1
2018-08-06 17:41:24 [DEBUG] - ==>  Preparing: SELECT t.id, t.name FROM test t WHERE id=? 
2018-08-06 17:41:24 [DEBUG] - ==> Parameters: 1(Integer)
2018-08-06 17:41:24 [DEBUG] - <==      Total: 1
2018-08-06 17:42:15 [DEBUG] - ==>  Preparing: SELECT t.id, t.name FROM test t WHERE id=? 
2018-08-06 17:42:15 [DEBUG] - ==> Parameters: 1(Integer)
2018-08-06 17:42:15 [DEBUG] - <==      Total: 1
2018-08-06 17:51:11 [DEBUG] - ==>  Preparing: SELECT t.id, t.name FROM test t WHERE id=? 
2018-08-06 17:51:11 [DEBUG] - ==> Parameters: 1(Integer)
2018-08-06 17:51:11 [DEBUG] - <==      Total: 1
2018-08-06 17:51:13 [DEBUG] - ==>  Preparing: SELECT t.id, t.name FROM test t WHERE id=? 
2018-08-06 17:51:13 [DEBUG] - ==> Parameters: 1(Integer)
2018-08-06 17:51:13 [DEBUG] - <==      Total: 1
2018-08-06 17:51:16 [DEBUG] - ==>  Preparing: SELECT t.id, t.name FROM test t WHERE id=? 
2018-08-06 17:51:16 [DEBUG] - ==> Parameters: 1(Integer)
2018-08-06 17:51:16 [DEBUG] - <==      Total: 1
