2017-08-15 09:24:08 [WARN ] - No MyBatis mapper was found in '[com.taylor]' package. Please check your configuration.
2017-08-15 09:24:08 [WARN ] - Cannot enhance @Configuration bean definition 'myBatisMapperScannerConfig' since its singleton instance has been created too early. The typical cause is a non-static @Bean method with a BeanDefinitionRegistryPostProcessor return type: Consider declaring such methods as 'static'.
2017-08-15 09:35:23 [WARN ] - No MyBatis mapper was found in '[com.taylor]' package. Please check your configuration.
2017-08-15 09:35:24 [WARN ] - Cannot enhance @Configuration bean definition 'myBatisMapperScannerConfig' since its singleton instance has been created too early. The typical cause is a non-static @Bean method with a BeanDefinitionRegistryPostProcessor return type: Consider declaring such methods as 'static'.
2017-08-15 10:05:10 [WARN ] - No MyBatis mapper was found in '[com.taylor]' package. Please check your configuration.
2017-08-15 10:05:10 [WARN ] - Cannot enhance @Configuration bean definition 'myBatisMapperScannerConfig' since its singleton instance has been created too early. The typical cause is a non-static @Bean method with a BeanDefinitionRegistryPostProcessor return type: Consider declaring such methods as 'static'.
2017-08-15 10:08:12 [WARN ] - No MyBatis mapper was found in '[com.taylor]' package. Please check your configuration.
2017-08-15 10:08:12 [WARN ] - Cannot enhance @Configuration bean definition 'myBatisMapperScannerConfig' since its singleton instance has been created too early. The typical cause is a non-static @Bean method with a BeanDefinitionRegistryPostProcessor return type: Consider declaring such methods as 'static'.
2017-08-15 10:10:44 [WARN ] - No MyBatis mapper was found in '[com.taylor]' package. Please check your configuration.
2017-08-15 10:10:44 [WARN ] - Cannot enhance @Configuration bean definition 'myBatisMapperScannerConfig' since its singleton instance has been created too early. The typical cause is a non-static @Bean method with a BeanDefinitionRegistryPostProcessor return type: Consider declaring such methods as 'static'.
2017-08-15 10:59:26 [WARN ] - No MyBatis mapper was found in '[com.taylor]' package. Please check your configuration.
2017-08-15 10:59:26 [WARN ] - Cannot enhance @Configuration bean definition 'myBatisMapperScannerConfig' since its singleton instance has been created too early. The typical cause is a non-static @Bean method with a BeanDefinitionRegistryPostProcessor return type: Consider declaring such methods as 'static'.
2017-08-15 11:24:20 [WARN ] - No MyBatis mapper was found in '[com.taylor]' package. Please check your configuration.
2017-08-15 11:24:20 [WARN ] - Cannot enhance @Configuration bean definition 'myBatisMapperScannerConfig' since its singleton instance has been created too early. The typical cause is a non-static @Bean method with a BeanDefinitionRegistryPostProcessor return type: Consider declaring such methods as 'static'.
2017-08-15 14:36:11 [WARN ] - No MyBatis mapper was found in '[com.taylor]' package. Please check your configuration.
2017-08-15 14:36:11 [WARN ] - Cannot enhance @Configuration bean definition 'myBatisMapperScannerConfig' since its singleton instance has been created too early. The typical cause is a non-static @Bean method with a BeanDefinitionRegistryPostProcessor return type: Consider declaring such methods as 'static'.
2017-08-15 14:41:01 [WARN ] - No MyBatis mapper was found in '[com.taylor]' package. Please check your configuration.
2017-08-15 14:41:01 [WARN ] - Cannot enhance @Configuration bean definition 'myBatisMapperScannerConfig' since its singleton instance has been created too early. The typical cause is a non-static @Bean method with a BeanDefinitionRegistryPostProcessor return type: Consider declaring such methods as 'static'.
2017-08-15 18:59:23 [WARN ] - No MyBatis mapper was found in '[com.taylor]' package. Please check your configuration.
2017-08-15 18:59:23 [WARN ] - Cannot enhance @Configuration bean definition 'myBatisMapperScannerConfig' since its singleton instance has been created too early. The typical cause is a non-static @Bean method with a BeanDefinitionRegistryPostProcessor return type: Consider declaring such methods as 'static'.
2017-08-15 19:01:19 [WARN ] - No MyBatis mapper was found in '[com.taylor]' package. Please check your configuration.
2017-08-15 19:01:19 [WARN ] - Cannot enhance @Configuration bean definition 'myBatisMapperScannerConfig' since its singleton instance has been created too early. The typical cause is a non-static @Bean method with a BeanDefinitionRegistryPostProcessor return type: Consider declaring such methods as 'static'.
2017-08-15 19:03:14 [WARN ] - No MyBatis mapper was found in '[com.taylor]' package. Please check your configuration.
2017-08-15 19:03:14 [WARN ] - Cannot enhance @Configuration bean definition 'myBatisMapperScannerConfig' since its singleton instance has been created too early. The typical cause is a non-static @Bean method with a BeanDefinitionRegistryPostProcessor return type: Consider declaring such methods as 'static'.
2017-08-15 19:04:49 [WARN ] - No MyBatis mapper was found in '[com.taylor]' package. Please check your configuration.
2017-08-15 19:04:49 [WARN ] - Cannot enhance @Configuration bean definition 'myBatisMapperScannerConfig' since its singleton instance has been created too early. The typical cause is a non-static @Bean method with a BeanDefinitionRegistryPostProcessor return type: Consider declaring such methods as 'static'.
2017-08-15 19:06:05 [WARN ] - No MyBatis mapper was found in '[com.taylor]' package. Please check your configuration.
2017-08-15 19:06:05 [WARN ] - Cannot enhance @Configuration bean definition 'myBatisMapperScannerConfig' since its singleton instance has been created too early. The typical cause is a non-static @Bean method with a BeanDefinitionRegistryPostProcessor return type: Consider declaring such methods as 'static'.
2017-08-15 20:17:54 [WARN ] - No MyBatis mapper was found in '[com.taylor]' package. Please check your configuration.
2017-08-15 20:17:54 [WARN ] - Cannot enhance @Configuration bean definition 'myBatisMapperScannerConfig' since its singleton instance has been created too early. The typical cause is a non-static @Bean method with a BeanDefinitionRegistryPostProcessor return type: Consider declaring such methods as 'static'.
2018-07-22 11:26:39 [WARN ] - No MyBatis mapper was found in '[com.taylor]' package. Please check your configuration.
2018-07-22 11:26:39 [WARN ] - Cannot enhance @Configuration bean definition 'myBatisMapperScannerConfig' since its singleton instance has been created too early. The typical cause is a non-static @Bean method with a BeanDefinitionRegistryPostProcessor return type: Consider declaring such methods as 'static'.
2018-07-22 11:28:08 [WARN ] - No MyBatis mapper was found in '[com.taylor]' package. Please check your configuration.
2018-07-22 11:28:08 [WARN ] - Cannot enhance @Configuration bean definition 'myBatisMapperScannerConfig' since its singleton instance has been created too early. The typical cause is a non-static @Bean method with a BeanDefinitionRegistryPostProcessor return type: Consider declaring such methods as 'static'.
2018-07-22 11:28:52 [WARN ] - No MyBatis mapper was found in '[com.taylor]' package. Please check your configuration.
2018-07-22 11:28:52 [WARN ] - Cannot enhance @Configuration bean definition 'myBatisMapperScannerConfig' since its singleton instance has been created too early. The typical cause is a non-static @Bean method with a BeanDefinitionRegistryPostProcessor return type: Consider declaring such methods as 'static'.
2018-07-22 11:33:03 [WARN ] - No MyBatis mapper was found in '[com.taylor]' package. Please check your configuration.
2018-07-22 11:33:03 [WARN ] - Cannot enhance @Configuration bean definition 'myBatisMapperScannerConfig' since its singleton instance has been created too early. The typical cause is a non-static @Bean method with a BeanDefinitionRegistryPostProcessor return type: Consider declaring such methods as 'static'.
2018-07-22 11:34:12 [WARN ] - No MyBatis mapper was found in '[com.taylor]' package. Please check your configuration.
2018-07-22 11:34:12 [WARN ] - Cannot enhance @Configuration bean definition 'myBatisMapperScannerConfig' since its singleton instance has been created too early. The typical cause is a non-static @Bean method with a BeanDefinitionRegistryPostProcessor return type: Consider declaring such methods as 'static'.
2018-07-22 11:38:46 [WARN ] - No MyBatis mapper was found in '[com.taylor]' package. Please check your configuration.
2018-07-22 11:38:47 [WARN ] - Cannot enhance @Configuration bean definition 'myBatisMapperScannerConfig' since its singleton instance has been created too early. The typical cause is a non-static @Bean method with a BeanDefinitionRegistryPostProcessor return type: Consider declaring such methods as 'static'.
2018-07-22 23:46:18 [WARN ] - No MyBatis mapper was found in '[com.taylor]' package. Please check your configuration.
2018-07-22 23:46:18 [WARN ] - Cannot enhance @Configuration bean definition 'myBatisMapperScannerConfig' since its singleton instance has been created too early. The typical cause is a non-static @Bean method with a BeanDefinitionRegistryPostProcessor return type: Consider declaring such methods as 'static'.
2018-07-22 23:46:25 [WARN ] - Exception encountered during context initialization - cancelling refresh attempt: org.springframework.beans.factory.UnsatisfiedDependencyException: Error creating bean with name 'testController': Unsatisfied dependency expressed through field 'redisService'; nested exception is org.springframework.beans.factory.NoSuchBeanDefinitionException: No qualifying bean of type 'com.taylor.service.RedisService<?>' available: expected at least 1 bean which qualifies as autowire candidate. Dependency annotations: {@org.springframework.beans.factory.annotation.Autowired(required=true)}
2018-07-22 23:46:25 [WARN ] - The web application [ROOT] appears to have started a thread named [Abandoned connection cleanup thread] but has failed to stop it. This is very likely to create a memory leak. Stack trace of thread:
 java.lang.Object.wait(Native Method)
 java.lang.ref.ReferenceQueue.remove(ReferenceQueue.java:143)
 com.mysql.jdbc.AbandonedConnectionCleanupThread.run(AbandonedConnectionCleanupThread.java:43)
2018-07-22 23:47:06 [WARN ] - No MyBatis mapper was found in '[com.taylor]' package. Please check your configuration.
2018-07-22 23:47:07 [WARN ] - Cannot enhance @Configuration bean definition 'myBatisMapperScannerConfig' since its singleton instance has been created too early. The typical cause is a non-static @Bean method with a BeanDefinitionRegistryPostProcessor return type: Consider declaring such methods as 'static'.
2018-07-22 23:47:17 [WARN ] - Cannot find template location: classpath:/templates/ (please add some templates or check your Thymeleaf configuration)
2018-07-22 23:48:18 [WARN ] - No MyBatis mapper was found in '[com.taylor]' package. Please check your configuration.
2018-07-22 23:48:18 [WARN ] - Cannot enhance @Configuration bean definition 'myBatisMapperScannerConfig' since its singleton instance has been created too early. The typical cause is a non-static @Bean method with a BeanDefinitionRegistryPostProcessor return type: Consider declaring such methods as 'static'.
2018-07-22 23:48:25 [WARN ] - Cannot find template location: classpath:/templates/ (please add some templates or check your Thymeleaf configuration)
2018-07-22 23:50:25 [WARN ] - No MyBatis mapper was found in '[com.taylor]' package. Please check your configuration.
2018-07-22 23:50:25 [WARN ] - Cannot enhance @Configuration bean definition 'myBatisMapperScannerConfig' since its singleton instance has been created too early. The typical cause is a non-static @Bean method with a BeanDefinitionRegistryPostProcessor return type: Consider declaring such methods as 'static'.
2018-07-22 23:50:29 [WARN ] - Cannot find template location: classpath:/templates/ (please add some templates or check your Thymeleaf configuration)
2018-07-22 23:54:31 [WARN ] - No MyBatis mapper was found in '[com.taylor]' package. Please check your configuration.
2018-07-22 23:54:32 [WARN ] - Cannot enhance @Configuration bean definition 'myBatisMapperScannerConfig' since its singleton instance has been created too early. The typical cause is a non-static @Bean method with a BeanDefinitionRegistryPostProcessor return type: Consider declaring such methods as 'static'.
2018-07-22 23:54:36 [WARN ] - Cannot find template location: classpath:/templates/ (please add some templates or check your Thymeleaf configuration)
2018-07-22 23:56:37 [WARN ] - No MyBatis mapper was found in '[com.taylor]' package. Please check your configuration.
2018-07-22 23:56:37 [WARN ] - Cannot enhance @Configuration bean definition 'myBatisMapperScannerConfig' since its singleton instance has been created too early. The typical cause is a non-static @Bean method with a BeanDefinitionRegistryPostProcessor return type: Consider declaring such methods as 'static'.
2018-07-22 23:56:41 [WARN ] - Cannot find template location: classpath:/templates/ (please add some templates or check your Thymeleaf configuration)
2018-07-22 23:59:48 [WARN ] - No MyBatis mapper was found in '[com.taylor]' package. Please check your configuration.
2018-07-22 23:59:48 [WARN ] - Cannot enhance @Configuration bean definition 'myBatisMapperScannerConfig' since its singleton instance has been created too early. The typical cause is a non-static @Bean method with a BeanDefinitionRegistryPostProcessor return type: Consider declaring such methods as 'static'.
2018-07-22 23:59:55 [WARN ] - Cannot find template location: classpath:/templates/ (please add some templates or check your Thymeleaf configuration)
2018-07-23 00:08:53 [WARN ] - No MyBatis mapper was found in '[com.taylor]' package. Please check your configuration.
2018-07-23 00:08:53 [WARN ] - Cannot enhance @Configuration bean definition 'myBatisMapperScannerConfig' since its singleton instance has been created too early. The typical cause is a non-static @Bean method with a BeanDefinitionRegistryPostProcessor return type: Consider declaring such methods as 'static'.
2018-07-23 00:08:57 [WARN ] - Cannot find template location: classpath:/templates/ (please add some templates or check your Thymeleaf configuration)
2018-07-23 00:12:27 [WARN ] - No MyBatis mapper was found in '[com.taylor]' package. Please check your configuration.
2018-07-23 00:12:27 [WARN ] - Cannot enhance @Configuration bean definition 'myBatisMapperScannerConfig' since its singleton instance has been created too early. The typical cause is a non-static @Bean method with a BeanDefinitionRegistryPostProcessor return type: Consider declaring such methods as 'static'.
2018-07-23 00:12:31 [WARN ] - Cannot find template location: classpath:/templates/ (please add some templates or check your Thymeleaf configuration)
2018-07-23 00:15:53 [WARN ] - No MyBatis mapper was found in '[com.taylor]' package. Please check your configuration.
2018-07-23 00:15:53 [WARN ] - Cannot enhance @Configuration bean definition 'myBatisMapperScannerConfig' since its singleton instance has been created too early. The typical cause is a non-static @Bean method with a BeanDefinitionRegistryPostProcessor return type: Consider declaring such methods as 'static'.
2018-07-23 00:15:57 [WARN ] - Cannot find template location: classpath:/templates/ (please add some templates or check your Thymeleaf configuration)
2018-07-23 00:17:33 [WARN ] - No MyBatis mapper was found in '[com.taylor]' package. Please check your configuration.
2018-07-23 00:17:34 [WARN ] - Cannot enhance @Configuration bean definition 'myBatisMapperScannerConfig' since its singleton instance has been created too early. The typical cause is a non-static @Bean method with a BeanDefinitionRegistryPostProcessor return type: Consider declaring such methods as 'static'.
2018-07-23 00:17:41 [WARN ] - Cannot find template location: classpath:/templates/ (please add some templates or check your Thymeleaf configuration)
2018-07-23 00:19:58 [WARN ] - No MyBatis mapper was found in '[com.taylor]' package. Please check your configuration.
2018-07-23 00:19:58 [WARN ] - Cannot enhance @Configuration bean definition 'myBatisMapperScannerConfig' since its singleton instance has been created too early. The typical cause is a non-static @Bean method with a BeanDefinitionRegistryPostProcessor return type: Consider declaring such methods as 'static'.
2018-07-23 00:20:07 [WARN ] - Cannot find template location: classpath:/templates/ (please add some templates or check your Thymeleaf configuration)
2018-08-02 18:05:11 [WARN ] - No MyBatis mapper was found in '[com.taylor]' package. Please check your configuration.
2018-08-02 18:05:11 [WARN ] - Cannot enhance @Configuration bean definition 'myBatisMapperScannerConfig' since its singleton instance has been created too early. The typical cause is a non-static @Bean method with a BeanDefinitionRegistryPostProcessor return type: Consider declaring such methods as 'static'.
2018-08-02 18:05:12 [WARN ] - Exception encountered during context initialization - cancelling refresh attempt: org.springframework.context.ApplicationContextException: Unable to start embedded container; nested exception is org.springframework.beans.factory.BeanCreationException: Error creating bean with name 'org.springframework.boot.autoconfigure.web.EmbeddedServletContainerAutoConfiguration$EmbeddedTomcat': Initialization of bean failed; nested exception is org.springframework.beans.factory.UnsatisfiedDependencyException: Error creating bean with name 'org.springframework.transaction.annotation.ProxyTransactionManagementConfiguration': Unsatisfied dependency expressed through method 'setConfigurers' parameter 0; nested exception is org.springframework.beans.factory.UnsatisfiedDependencyException: Error creating bean with name 'myBatisConfig': Unsatisfied dependency expressed through field 'dataSource'; nested exception is org.springframework.beans.factory.UnsatisfiedDependencyException: Error creating bean with name 'dataSource' defined in class path resource [org/springframework/boot/autoconfigure/jdbc/DataSourceConfiguration$Generic.class]: Unsatisfied dependency expressed through method 'dataSource' parameter 0; nested exception is org.springframework.beans.factory.BeanCreationException: Error creating bean with name 'spring.datasource-org.springframework.boot.autoconfigure.jdbc.DataSourceProperties': Could not bind properties to DataSourceProperties (prefix=spring.datasource, ignoreInvalidFields=false, ignoreUnknownFields=true, ignoreNestedProperties=false); nested exception is org.springframework.validation.BindException: org.springframework.boot.bind.RelaxedDataBinder$RelaxedBeanPropertyBindingResult: 1 errors
Field error in object 'spring.datasource' on field 'type': rejected value [com.alibaba.druid.pool.DruidDataSource]; codes [typeMismatch.spring.datasource.type,typeMismatch.type,typeMismatch.java.lang.Class,typeMismatch]; arguments [org.springframework.context.support.DefaultMessageSourceResolvable: codes [spring.datasource.type,type]; arguments []; default message [type]]; default message [Failed to convert property value of type 'java.lang.String' to required type 'java.lang.Class' for property 'type'; nested exception is java.lang.IllegalArgumentException: Cannot find class [com.alibaba.druid.pool.DruidDataSource]]
2018-08-02 18:12:24 [WARN ] - No MyBatis mapper was found in '[com.taylor]' package. Please check your configuration.
2018-08-02 18:12:24 [WARN ] - Cannot enhance @Configuration bean definition 'myBatisMapperScannerConfig' since its singleton instance has been created too early. The typical cause is a non-static @Bean method with a BeanDefinitionRegistryPostProcessor return type: Consider declaring such methods as 'static'.
2018-08-02 18:12:26 [WARN ] - Cannot find template location: classpath:/templates/ (please add some templates or check your Thymeleaf configuration)
2018-08-02 18:13:58 [WARN ] - No MyBatis mapper was found in '[com.taylor]' package. Please check your configuration.
2018-08-02 18:13:58 [WARN ] - Cannot enhance @Configuration bean definition 'myBatisMapperScannerConfig' since its singleton instance has been created too early. The typical cause is a non-static @Bean method with a BeanDefinitionRegistryPostProcessor return type: Consider declaring such methods as 'static'.
2018-08-02 18:14:00 [WARN ] - Cannot find template location: classpath:/templates/ (please add some templates or check your Thymeleaf configuration)
2018-08-03 16:20:13 [WARN ] - No MyBatis mapper was found in '[com.taylor]' package. Please check your configuration.
2018-08-03 16:20:13 [WARN ] - Cannot enhance @Configuration bean definition 'myBatisMapperScannerConfig' since its singleton instance has been created too early. The typical cause is a non-static @Bean method with a BeanDefinitionRegistryPostProcessor return type: Consider declaring such methods as 'static'.
2018-08-03 16:20:16 [WARN ] - Cannot find template location: classpath:/templates/ (please add some templates or check your Thymeleaf configuration)
2018-08-03 16:29:52 [WARN ] - No MyBatis mapper was found in '[com.taylor]' package. Please check your configuration.
2018-08-03 16:29:52 [WARN ] - Cannot enhance @Configuration bean definition 'myBatisMapperScannerConfig' since its singleton instance has been created too early. The typical cause is a non-static @Bean method with a BeanDefinitionRegistryPostProcessor return type: Consider declaring such methods as 'static'.
2018-08-03 16:29:54 [WARN ] - Cannot find template location: classpath:/templates/ (please add some templates or check your Thymeleaf configuration)
2018-08-03 16:34:53 [WARN ] - No MyBatis mapper was found in '[com.taylor]' package. Please check your configuration.
2018-08-03 16:34:53 [WARN ] - Cannot enhance @Configuration bean definition 'myBatisMapperScannerConfig' since its singleton instance has been created too early. The typical cause is a non-static @Bean method with a BeanDefinitionRegistryPostProcessor return type: Consider declaring such methods as 'static'.
2018-08-03 16:34:57 [WARN ] - No MyBatis mapper was found in '[com.taylor]' package. Please check your configuration.
2018-08-03 16:34:57 [WARN ] - Cannot enhance @Configuration bean definition 'myBatisMapperScannerConfig' since its singleton instance has been created too early. The typical cause is a non-static @Bean method with a BeanDefinitionRegistryPostProcessor return type: Consider declaring such methods as 'static'.
2018-08-03 16:34:59 [WARN ] - Cannot find template location: classpath:/templates/ (please add some templates or check your Thymeleaf configuration)
2018-08-03 16:37:40 [WARN ] - No MyBatis mapper was found in '[com.taylor]' package. Please check your configuration.
2018-08-03 16:37:43 [WARN ] - No MyBatis mapper was found in '[com.taylor]' package. Please check your configuration.
2018-08-03 16:37:43 [WARN ] - Cannot enhance @Configuration bean definition 'myBatisMapperScannerConfig' since its singleton instance has been created too early. The typical cause is a non-static @Bean method with a BeanDefinitionRegistryPostProcessor return type: Consider declaring such methods as 'static'.
2018-08-03 16:37:45 [WARN ] - Cannot find template location: classpath:/templates/ (please add some templates or check your Thymeleaf configuration)
2018-08-03 16:39:22 [WARN ] - No MyBatis mapper was found in '[com.taylor]' package. Please check your configuration.
2018-08-03 16:39:22 [WARN ] - Cannot enhance @Configuration bean definition 'myBatisMapperScannerConfig' since its singleton instance has been created too early. The typical cause is a non-static @Bean method with a BeanDefinitionRegistryPostProcessor return type: Consider declaring such methods as 'static'.
2018-08-03 16:39:24 [WARN ] - Cannot find template location: classpath:/templates/ (please add some templates or check your Thymeleaf configuration)
2018-08-03 16:39:52 [WARN ] - No MyBatis mapper was found in '[com.taylor]' package. Please check your configuration.
2018-08-03 16:39:52 [WARN ] - Cannot enhance @Configuration bean definition 'myBatisMapperScannerConfig' since its singleton instance has been created too early. The typical cause is a non-static @Bean method with a BeanDefinitionRegistryPostProcessor return type: Consider declaring such methods as 'static'.
2018-08-03 16:39:52 [WARN ] - Cannot find template location: classpath:/templates/ (please add some templates or check your Thymeleaf configuration)
2018-08-03 16:39:58 [WARN ] - No MyBatis mapper was found in '[com.taylor]' package. Please check your configuration.
2018-08-03 16:39:58 [WARN ] - Cannot enhance @Configuration bean definition 'myBatisMapperScannerConfig' since its singleton instance has been created too early. The typical cause is a non-static @Bean method with a BeanDefinitionRegistryPostProcessor return type: Consider declaring such methods as 'static'.
2018-08-03 16:40:00 [WARN ] - Cannot find template location: classpath:/templates/ (please add some templates or check your Thymeleaf configuration)
2018-08-03 16:40:45 [WARN ] - No MyBatis mapper was found in '[com.taylor]' package. Please check your configuration.
2018-08-03 16:40:45 [WARN ] - Cannot enhance @Configuration bean definition 'myBatisMapperScannerConfig' since its singleton instance has been created too early. The typical cause is a non-static @Bean method with a BeanDefinitionRegistryPostProcessor return type: Consider declaring such methods as 'static'.
2018-08-03 16:40:45 [WARN ] - Cannot find template location: classpath:/templates/ (please add some templates or check your Thymeleaf configuration)
2018-08-03 16:45:08 [WARN ] - No MyBatis mapper was found in '[com.taylor]' package. Please check your configuration.
2018-08-03 16:45:09 [WARN ] - Cannot enhance @Configuration bean definition 'myBatisMapperScannerConfig' since its singleton instance has been created too early. The typical cause is a non-static @Bean method with a BeanDefinitionRegistryPostProcessor return type: Consider declaring such methods as 'static'.
2018-08-03 16:45:11 [WARN ] - Cannot find template location: classpath:/templates/ (please add some templates or check your Thymeleaf configuration)
2018-08-03 16:48:20 [WARN ] - No MyBatis mapper was found in '[com.taylor]' package. Please check your configuration.
2018-08-03 16:48:20 [WARN ] - Cannot enhance @Configuration bean definition 'myBatisMapperScannerConfig' since its singleton instance has been created too early. The typical cause is a non-static @Bean method with a BeanDefinitionRegistryPostProcessor return type: Consider declaring such methods as 'static'.
2018-08-03 16:48:22 [WARN ] - Cannot find template location: classpath:/templates/ (please add some templates or check your Thymeleaf configuration)
2018-08-03 16:48:48 [WARN ] - No MyBatis mapper was found in '[com.taylor]' package. Please check your configuration.
2018-08-03 16:48:48 [WARN ] - Cannot enhance @Configuration bean definition 'myBatisMapperScannerConfig' since its singleton instance has been created too early. The typical cause is a non-static @Bean method with a BeanDefinitionRegistryPostProcessor return type: Consider declaring such methods as 'static'.
2018-08-03 16:48:51 [WARN ] - Cannot find template location: classpath:/templates/ (please add some templates or check your Thymeleaf configuration)
2018-08-03 16:50:28 [WARN ] - No MyBatis mapper was found in '[com.taylor]' package. Please check your configuration.
2018-08-03 16:50:28 [WARN ] - Cannot enhance @Configuration bean definition 'myBatisMapperScannerConfig' since its singleton instance has been created too early. The typical cause is a non-static @Bean method with a BeanDefinitionRegistryPostProcessor return type: Consider declaring such methods as 'static'.
2018-08-03 16:50:30 [WARN ] - Cannot find template location: classpath:/templates/ (please add some templates or check your Thymeleaf configuration)
2018-08-03 16:52:45 [WARN ] - No MyBatis mapper was found in '[com.taylor]' package. Please check your configuration.
2018-08-03 16:52:45 [WARN ] - Cannot enhance @Configuration bean definition 'myBatisMapperScannerConfig' since its singleton instance has been created too early. The typical cause is a non-static @Bean method with a BeanDefinitionRegistryPostProcessor return type: Consider declaring such methods as 'static'.
2018-08-03 16:52:47 [WARN ] - Cannot find template location: classpath:/templates/ (please add some templates or check your Thymeleaf configuration)
2018-08-03 16:54:11 [WARN ] - No MyBatis mapper was found in '[com.taylor]' package. Please check your configuration.
2018-08-03 16:54:11 [WARN ] - Cannot enhance @Configuration bean definition 'myBatisMapperScannerConfig' since its singleton instance has been created too early. The typical cause is a non-static @Bean method with a BeanDefinitionRegistryPostProcessor return type: Consider declaring such methods as 'static'.
2018-08-03 16:54:13 [WARN ] - Cannot find template location: classpath:/templates/ (please add some templates or check your Thymeleaf configuration)
2018-08-03 16:55:48 [WARN ] - No MyBatis mapper was found in '[com.taylor]' package. Please check your configuration.
2018-08-03 16:55:48 [WARN ] - Cannot enhance @Configuration bean definition 'myBatisMapperScannerConfig' since its singleton instance has been created too early. The typical cause is a non-static @Bean method with a BeanDefinitionRegistryPostProcessor return type: Consider declaring such methods as 'static'.
2018-08-03 16:55:48 [WARN ] - Cannot find template location: classpath:/templates/ (please add some templates or check your Thymeleaf configuration)
2018-08-03 17:01:23 [WARN ] - No MyBatis mapper was found in '[com.taylor]' package. Please check your configuration.
2018-08-03 17:01:23 [WARN ] - Cannot enhance @Configuration bean definition 'myBatisMapperScannerConfig' since its singleton instance has been created too early. The typical cause is a non-static @Bean method with a BeanDefinitionRegistryPostProcessor return type: Consider declaring such methods as 'static'.
2018-08-03 17:01:25 [WARN ] - Cannot find template location: classpath:/templates/ (please add some templates or check your Thymeleaf configuration)
2018-08-03 17:02:12 [WARN ] - No MyBatis mapper was found in '[com.taylor]' package. Please check your configuration.
2018-08-03 17:02:12 [WARN ] - Cannot enhance @Configuration bean definition 'myBatisMapperScannerConfig' since its singleton instance has been created too early. The typical cause is a non-static @Bean method with a BeanDefinitionRegistryPostProcessor return type: Consider declaring such methods as 'static'.
2018-08-03 17:02:12 [WARN ] - Cannot find template location: classpath:/templates/ (please add some templates or check your Thymeleaf configuration)
2018-08-03 17:07:38 [WARN ] - No MyBatis mapper was found in '[com.taylor]' package. Please check your configuration.
2018-08-03 17:07:38 [WARN ] - Cannot enhance @Configuration bean definition 'myBatisMapperScannerConfig' since its singleton instance has been created too early. The typical cause is a non-static @Bean method with a BeanDefinitionRegistryPostProcessor return type: Consider declaring such methods as 'static'.
2018-08-03 17:07:39 [WARN ] - Cannot find template location: classpath:/templates/ (please add some templates or check your Thymeleaf configuration)
2018-08-03 17:11:55 [WARN ] - No MyBatis mapper was found in '[com.taylor]' package. Please check your configuration.
2018-08-03 17:11:55 [WARN ] - No MyBatis mapper was found in '[com.taylor.dao]' package. Please check your configuration.
2018-08-03 17:11:55 [WARN ] - Cannot enhance @Configuration bean definition 'myBatisMapperScannerConfig' since its singleton instance has been created too early. The typical cause is a non-static @Bean method with a BeanDefinitionRegistryPostProcessor return type: Consider declaring such methods as 'static'.
2018-08-03 17:11:55 [WARN ] - Exception encountered during context initialization - cancelling refresh attempt: org.springframework.beans.factory.UnsatisfiedDependencyException: Error creating bean with name 'swaggerController': Unsatisfied dependency expressed through field 'testService'; nested exception is org.springframework.beans.factory.NoSuchBeanDefinitionException: No qualifying bean of type 'com.taylor.service.TestService' available: expected at least 1 bean which qualifies as autowire candidate. Dependency annotations: {@org.springframework.beans.factory.annotation.Autowired(required=true)}
2018-08-03 17:16:32 [WARN ] - No MyBatis mapper was found in '[com.taylor]' package. Please check your configuration.
2018-08-03 17:16:32 [WARN ] - Cannot enhance @Configuration bean definition 'myBatisMapperScannerConfig' since its singleton instance has been created too early. The typical cause is a non-static @Bean method with a BeanDefinitionRegistryPostProcessor return type: Consider declaring such methods as 'static'.
2018-08-03 17:16:34 [WARN ] - Cannot find template location: classpath:/templates/ (please add some templates or check your Thymeleaf configuration)
2018-08-03 17:17:20 [WARN ] - No MyBatis mapper was found in '[com.taylor]' package. Please check your configuration.
2018-08-03 17:17:21 [WARN ] - Cannot enhance @Configuration bean definition 'myBatisMapperScannerConfig' since its singleton instance has been created too early. The typical cause is a non-static @Bean method with a BeanDefinitionRegistryPostProcessor return type: Consider declaring such methods as 'static'.
2018-08-03 17:17:21 [WARN ] - Cannot find template location: classpath:/templates/ (please add some templates or check your Thymeleaf configuration)
2018-08-03 17:24:46 [WARN ] - No MyBatis mapper was found in '[com.taylor]' package. Please check your configuration.
2018-08-03 17:24:46 [WARN ] - Cannot enhance @Configuration bean definition 'myBatisMapperScannerConfig' since its singleton instance has been created too early. The typical cause is a non-static @Bean method with a BeanDefinitionRegistryPostProcessor return type: Consider declaring such methods as 'static'.
2018-08-03 17:24:46 [WARN ] - Cannot find template location: classpath:/templates/ (please add some templates or check your Thymeleaf configuration)
2018-08-03 17:25:38 [WARN ] - No MyBatis mapper was found in '[com.taylor]' package. Please check your configuration.
2018-08-03 17:25:39 [WARN ] - Cannot enhance @Configuration bean definition 'myBatisMapperScannerConfig' since its singleton instance has been created too early. The typical cause is a non-static @Bean method with a BeanDefinitionRegistryPostProcessor return type: Consider declaring such methods as 'static'.
2018-08-03 17:25:39 [WARN ] - Cannot find template location: classpath:/templates/ (please add some templates or check your Thymeleaf configuration)
2018-08-03 17:26:01 [WARN ] - No MyBatis mapper was found in '[com.taylor]' package. Please check your configuration.
2018-08-03 17:26:01 [WARN ] - Cannot enhance @Configuration bean definition 'myBatisMapperScannerConfig' since its singleton instance has been created too early. The typical cause is a non-static @Bean method with a BeanDefinitionRegistryPostProcessor return type: Consider declaring such methods as 'static'.
2018-08-03 17:26:02 [WARN ] - Cannot find template location: classpath:/templates/ (please add some templates or check your Thymeleaf configuration)
2018-08-03 17:26:14 [WARN ] - No MyBatis mapper was found in '[com.taylor]' package. Please check your configuration.
2018-08-03 17:26:14 [WARN ] - Cannot enhance @Configuration bean definition 'myBatisMapperScannerConfig' since its singleton instance has been created too early. The typical cause is a non-static @Bean method with a BeanDefinitionRegistryPostProcessor return type: Consider declaring such methods as 'static'.
2018-08-03 17:26:14 [WARN ] - Cannot find template location: classpath:/templates/ (please add some templates or check your Thymeleaf configuration)
2018-08-03 17:26:25 [WARN ] - No MyBatis mapper was found in '[com.taylor]' package. Please check your configuration.
2018-08-03 17:26:25 [WARN ] - Cannot enhance @Configuration bean definition 'myBatisMapperScannerConfig' since its singleton instance has been created too early. The typical cause is a non-static @Bean method with a BeanDefinitionRegistryPostProcessor return type: Consider declaring such methods as 'static'.
2018-08-03 17:26:25 [WARN ] - Cannot find template location: classpath:/templates/ (please add some templates or check your Thymeleaf configuration)
2018-08-03 17:28:33 [WARN ] - No MyBatis mapper was found in '[com.taylor]' package. Please check your configuration.
2018-08-03 17:28:33 [WARN ] - Cannot enhance @Configuration bean definition 'myBatisMapperScannerConfig' since its singleton instance has been created too early. The typical cause is a non-static @Bean method with a BeanDefinitionRegistryPostProcessor return type: Consider declaring such methods as 'static'.
2018-08-03 17:28:34 [WARN ] - Cannot find template location: classpath:/templates/ (please add some templates or check your Thymeleaf configuration)
2018-08-03 17:29:06 [WARN ] - No MyBatis mapper was found in '[com.taylor]' package. Please check your configuration.
2018-08-03 17:29:06 [WARN ] - Cannot enhance @Configuration bean definition 'myBatisMapperScannerConfig' since its singleton instance has been created too early. The typical cause is a non-static @Bean method with a BeanDefinitionRegistryPostProcessor return type: Consider declaring such methods as 'static'.
2018-08-03 17:29:06 [WARN ] - Cannot find template location: classpath:/templates/ (please add some templates or check your Thymeleaf configuration)
2018-08-03 17:29:40 [WARN ] - No MyBatis mapper was found in '[com.taylor]' package. Please check your configuration.
2018-08-03 17:29:40 [WARN ] - Cannot enhance @Configuration bean definition 'myBatisMapperScannerConfig' since its singleton instance has been created too early. The typical cause is a non-static @Bean method with a BeanDefinitionRegistryPostProcessor return type: Consider declaring such methods as 'static'.
2018-08-03 17:29:41 [WARN ] - Cannot find template location: classpath:/templates/ (please add some templates or check your Thymeleaf configuration)
2018-08-03 17:30:57 [WARN ] - No MyBatis mapper was found in '[com.taylor]' package. Please check your configuration.
2018-08-03 17:30:57 [WARN ] - Cannot enhance @Configuration bean definition 'myBatisMapperScannerConfig' since its singleton instance has been created too early. The typical cause is a non-static @Bean method with a BeanDefinitionRegistryPostProcessor return type: Consider declaring such methods as 'static'.
2018-08-03 17:30:57 [WARN ] - Cannot find template location: classpath:/templates/ (please add some templates or check your Thymeleaf configuration)
2018-08-03 17:32:23 [WARN ] - No MyBatis mapper was found in '[com.taylor]' package. Please check your configuration.
2018-08-03 17:32:23 [WARN ] - Cannot enhance @Configuration bean definition 'myBatisMapperScannerConfig' since its singleton instance has been created too early. The typical cause is a non-static @Bean method with a BeanDefinitionRegistryPostProcessor return type: Consider declaring such methods as 'static'.
2018-08-03 17:32:23 [WARN ] - Cannot find template location: classpath:/templates/ (please add some templates or check your Thymeleaf configuration)
2018-08-03 17:33:13 [WARN ] - No MyBatis mapper was found in '[com.taylor]' package. Please check your configuration.
2018-08-03 17:33:13 [WARN ] - Cannot enhance @Configuration bean definition 'myBatisMapperScannerConfig' since its singleton instance has been created too early. The typical cause is a non-static @Bean method with a BeanDefinitionRegistryPostProcessor return type: Consider declaring such methods as 'static'.
2018-08-03 17:33:14 [WARN ] - Cannot find template location: classpath:/templates/ (please add some templates or check your Thymeleaf configuration)
2018-08-03 17:34:30 [WARN ] - No MyBatis mapper was found in '[com.taylor]' package. Please check your configuration.
2018-08-03 17:34:30 [WARN ] - Cannot enhance @Configuration bean definition 'myBatisMapperScannerConfig' since its singleton instance has been created too early. The typical cause is a non-static @Bean method with a BeanDefinitionRegistryPostProcessor return type: Consider declaring such methods as 'static'.
2018-08-03 17:34:30 [WARN ] - Cannot find template location: classpath:/templates/ (please add some templates or check your Thymeleaf configuration)
2018-08-03 17:35:09 [WARN ] - No MyBatis mapper was found in '[com.taylor]' package. Please check your configuration.
2018-08-03 17:35:09 [WARN ] - Cannot enhance @Configuration bean definition 'myBatisMapperScannerConfig' since its singleton instance has been created too early. The typical cause is a non-static @Bean method with a BeanDefinitionRegistryPostProcessor return type: Consider declaring such methods as 'static'.
2018-08-03 17:35:10 [WARN ] - Cannot find template location: classpath:/templates/ (please add some templates or check your Thymeleaf configuration)
2018-08-03 17:35:18 [WARN ] - Resolved exception caused by Handler execution: org.springframework.validation.BindException: org.springframework.validation.BeanPropertyBindingResult: 1 errors
Field error in object 'testEntity' on field 'id': rejected value [null]; codes [NotNull.testEntity.id,NotNull.id,NotNull.java.lang.Integer,NotNull]; arguments [org.springframework.context.support.DefaultMessageSourceResolvable: codes [testEntity.id,id]; arguments []; default message [id]]; default message [不能为null]
